{
  "stats": {
    "suites": 4,
    "tests": 8,
    "passes": 8,
    "pending": 0,
    "failures": 0,
    "testsRegistered": 8,
    "passPercent": 100,
    "pendingPercent": 0,
    "other": 0,
    "hasOther": false,
    "skipped": 0,
    "hasSkipped": false,
    "start": "2025-10-31T20:34:42.598Z",
    "end": "2025-10-31T20:36:16.513Z",
    "duration": 93915
  },
  "results": [
    {
      "uuid": "dd856173-0506-4f51-b8f8-302eef686279",
      "title": "",
      "fullFile": "cypress\\e2e\\fluxo-reserva.cy.js",
      "file": "cypress\\e2e\\fluxo-reserva.cy.js",
      "beforeHooks": [],
      "afterHooks": [],
      "tests": [],
      "suites": [
        {
          "uuid": "e4665793-250f-495d-86e5-caf792dbb550",
          "title": "Fluxo de reserva com disponibilidade e PIX",
          "fullFile": "",
          "file": "",
          "beforeHooks": [],
          "afterHooks": [],
          "tests": [
            {
              "title": "lista quartos, checa disponibilidade, reserva e exibe PIX",
              "fullTitle": "Fluxo de reserva com disponibilidade e PIX lista quartos, checa disponibilidade, reserva e exibe PIX",
              "timedOut": null,
              "duration": 3279,
              "state": "passed",
              "speed": "fast",
              "pass": true,
              "fail": false,
              "pending": false,
              "context": null,
              "code": "// Intercepta listagem de quartos\ncy.intercept('GET', '/api/quartos', {\n  fixture: 'rooms.json'\n}).as('getQuartos');\ncy.visit('/');\ncy.wait('@getQuartos');\ncy.contains('Quarto Luxo').should('be.visible');\n// Seleciona um quarto\ncy.contains('Selecionar').first().click();\n// Preenche dados\ncy.get('input[placeholder=\"Nome\"]').type('Cliente Teste');\ncy.get('input[placeholder=\"Email\"]').type('cliente@teste.com');\ncy.get('input[type=\"date\"]').first().type('2025-11-01');\ncy.get('input[type=\"date\"]').eq(1).type('2025-11-03');\ncy.get('input[placeholder=\"Hóspedes\"]').type('2');\n// Intercepta disponibilidade\ncy.intercept('GET', '/api/disponibilidade*', {\n  statusCode: 200,\n  body: {\n    availableRooms: [{\n      id: 101\n    }, {\n      id: 202\n    }]\n  }\n}).as('getDisp');\n// Checa disponibilidade\ncy.contains('Checar disponibilidade').click();\ncy.wait('@getDisp');\ncy.contains('Quarto selecionado está disponível').should('be.visible');\n// Intercepta criação de reserva\ncy.intercept('POST', '/api/reservas', {\n  statusCode: 200,\n  body: {\n    id: 123,\n    total: 350\n  }\n}).as('postReserva');\n// Intercepta PIX\ncy.intercept('POST', '/api/pagamento/pix', {\n  statusCode: 200,\n  body: {\n    qr_code_base64: 'iVBORw0KGgoAAAAN',\n    qr_code: '000201010212'\n  }\n}).as('postPix');\n// Reserva\ncy.contains('Reservar').click();\ncy.wait('@postReserva');\ncy.contains('Reserva criada! ID 123').should('be.visible');\n// PIX exibido\ncy.contains('Pague com PIX').should('be.visible');\ncy.contains('Copia e Cola:').should('be.visible');",
              "err": {},
              "uuid": "a599eaca-aefd-4dc9-aa55-6ec836ce358e",
              "parentUUID": "e4665793-250f-495d-86e5-caf792dbb550",
              "isHook": false,
              "skipped": false
            }
          ],
          "suites": [],
          "passes": [
            "a599eaca-aefd-4dc9-aa55-6ec836ce358e"
          ],
          "failures": [],
          "pending": [],
          "skipped": [],
          "duration": 3279,
          "root": false,
          "rootEmpty": false,
          "_timeout": 2000
        }
      ],
      "passes": [],
      "failures": [],
      "pending": [],
      "skipped": [],
      "duration": 0,
      "root": true,
      "rootEmpty": true,
      "_timeout": 2000
    },
    {
      "uuid": "322f3777-6f61-4cb7-b1b9-f7b4ecbfffde",
      "title": "",
      "fullFile": "cypress\\e2e\\fluxo-reserva-negativo.cy.js",
      "file": "cypress\\e2e\\fluxo-reserva-negativo.cy.js",
      "beforeHooks": [],
      "afterHooks": [],
      "tests": [],
      "suites": [
        {
          "uuid": "7b500b7c-a969-4198-84d8-96fff6a99ce3",
          "title": "Fluxo de reserva - cenários negativos",
          "fullFile": "",
          "file": "",
          "beforeHooks": [],
          "afterHooks": [],
          "tests": [
            {
              "title": "Exibe erro quando quarto selecionado não está disponível",
              "fullTitle": "Fluxo de reserva - cenários negativos Exibe erro quando quarto selecionado não está disponível",
              "timedOut": null,
              "duration": 2886,
              "state": "passed",
              "speed": "fast",
              "pass": true,
              "fail": false,
              "pending": false,
              "context": null,
              "code": "// Seleciona primeiro quarto\ncy.get('[data-cy=\"room-card\"]').should('have.length', 2);\ncy.get('[data-cy=\"select-room\"]').first().click();\n// Preenche dados\ncy.get('[data-cy=\"input-name\"]').type('Cliente Teste');\ncy.get('[data-cy=\"input-email\"]').type('cliente@teste.com');\ncy.get('[data-cy=\"input-checkin\"]').type('2024-12-01');\ncy.get('[data-cy=\"input-checkout\"]').type('2024-12-03');\ncy.get('[data-cy=\"input-guests\"]').clear().type('2');\n// Nenhuma disponibilidade\ncy.intercept('GET', '/api/disponibilidade*', {\n  statusCode: 200,\n  body: {\n    availableRooms: []\n  }\n}).as('getDisp');\ncy.get('[data-cy=\"check-availability\"]').click();\ncy.wait('@getDisp');\n// Deve exibir erro e desabilitar reservar\ncy.get('[data-cy=\"status-message\"]').should('contain', 'não está disponível');\ncy.get('[data-cy=\"reserve\"]').should('be.disabled');",
              "err": {},
              "uuid": "743878ff-2953-4b16-93d8-828f9c7690e4",
              "parentUUID": "7b500b7c-a969-4198-84d8-96fff6a99ce3",
              "isHook": false,
              "skipped": false
            },
            {
              "title": "Exibe erro quando criação da reserva falha",
              "fullTitle": "Fluxo de reserva - cenários negativos Exibe erro quando criação da reserva falha",
              "timedOut": null,
              "duration": 2025,
              "state": "passed",
              "speed": "fast",
              "pass": true,
              "fail": false,
              "pending": false,
              "context": null,
              "code": "// Seleciona primeiro quarto\ncy.get('[data-cy=\"select-room\"]').first().click();\n// Preenche dados\ncy.get('[data-cy=\"input-name\"]').type('Cliente Teste');\ncy.get('[data-cy=\"input-email\"]').type('cliente@teste.com');\ncy.get('[data-cy=\"input-checkin\"]').type('2024-12-01');\ncy.get('[data-cy=\"input-checkout\"]').type('2024-12-03');\ncy.get('[data-cy=\"input-guests\"]').clear().type('2');\n// Disponibilidade positiva para o quarto selecionado\ncy.intercept('GET', '/api/disponibilidade*', {\n  statusCode: 200,\n  body: {\n    availableRooms: [{\n      id: 101\n    }]\n  }\n}).as('getDispOk');\ncy.get('[data-cy=\"check-availability\"]').click();\ncy.wait('@getDispOk');\n// Reserva falha\ncy.intercept('POST', '/api/reservas', {\n  statusCode: 500,\n  body: {\n    error: 'Falha ao criar reserva'\n  }\n}).as('postReservaFail');\ncy.get('[data-cy=\"reserve\"]').click();\ncy.wait('@postReservaFail');\ncy.get('[data-cy=\"status-message\"]').should('contain', 'Falha ao criar reserva');",
              "err": {},
              "uuid": "85406af0-b558-4412-9ca5-90e8b4a6b99a",
              "parentUUID": "7b500b7c-a969-4198-84d8-96fff6a99ce3",
              "isHook": false,
              "skipped": false
            },
            {
              "title": "Exibe erro quando geração de PIX falha",
              "fullTitle": "Fluxo de reserva - cenários negativos Exibe erro quando geração de PIX falha",
              "timedOut": null,
              "duration": 2016,
              "state": "passed",
              "speed": "fast",
              "pass": true,
              "fail": false,
              "pending": false,
              "context": null,
              "code": "// Seleciona primeiro quarto\ncy.get('[data-cy=\"select-room\"]').first().click();\n// Preenche dados\ncy.get('[data-cy=\"input-name\"]').type('Cliente Teste');\ncy.get('[data-cy=\"input-email\"]').type('cliente@teste.com');\ncy.get('[data-cy=\"input-checkin\"]').type('2024-12-05');\ncy.get('[data-cy=\"input-checkout\"]').type('2024-12-07');\ncy.get('[data-cy=\"input-guests\"]').clear().type('2');\n// Disponibilidade positiva para o quarto selecionado\ncy.intercept('GET', '/api/disponibilidade*', {\n  statusCode: 200,\n  body: {\n    availableRooms: [{\n      id: 101\n    }]\n  }\n}).as('getDispOk2');\ncy.get('[data-cy=\"check-availability\"]').click();\ncy.wait('@getDispOk2');\n// Reserva OK\ncy.intercept('POST', '/api/reservas', {\n  statusCode: 200,\n  body: {\n    id: 999,\n    total: 350\n  }\n}).as('postReservaOk');\n// PIX falha\ncy.intercept('POST', '/api/pagamento/pix', {\n  statusCode: 500,\n  body: {\n    error: 'Falha ao gerar PIX'\n  }\n}).as('postPixFail');\ncy.get('[data-cy=\"reserve\"]').click();\ncy.wait('@postReservaOk');\ncy.wait('@postPixFail');\ncy.get('[data-cy=\"status-message\"]').should('contain', 'Falha ao gerar PIX');",
              "err": {},
              "uuid": "a28e824d-5cc0-4e32-b714-21734a522fee",
              "parentUUID": "7b500b7c-a969-4198-84d8-96fff6a99ce3",
              "isHook": false,
              "skipped": false
            }
          ],
          "suites": [],
          "passes": [
            "743878ff-2953-4b16-93d8-828f9c7690e4",
            "85406af0-b558-4412-9ca5-90e8b4a6b99a",
            "a28e824d-5cc0-4e32-b714-21734a522fee"
          ],
          "failures": [],
          "pending": [],
          "skipped": [],
          "duration": 6927,
          "root": false,
          "rootEmpty": false,
          "_timeout": 2000
        }
      ],
      "passes": [],
      "failures": [],
      "pending": [],
      "skipped": [],
      "duration": 0,
      "root": true,
      "rootEmpty": true,
      "_timeout": 2000
    },
    {
      "uuid": "767ba855-4c54-4372-94f0-9f65a871a72d",
      "title": "",
      "fullFile": "cypress\\e2e\\fluxo-reserva.cy.js",
      "file": "cypress\\e2e\\fluxo-reserva.cy.js",
      "beforeHooks": [],
      "afterHooks": [],
      "tests": [],
      "suites": [
        {
          "uuid": "8c08aec1-4164-47ff-985f-719f24b30c70",
          "title": "Fluxo de reserva com disponibilidade e PIX",
          "fullFile": "",
          "file": "",
          "beforeHooks": [],
          "afterHooks": [],
          "tests": [
            {
              "title": "lista quartos, checa disponibilidade, reserva e exibe PIX",
              "fullTitle": "Fluxo de reserva com disponibilidade e PIX lista quartos, checa disponibilidade, reserva e exibe PIX",
              "timedOut": null,
              "duration": 2818,
              "state": "passed",
              "speed": "fast",
              "pass": true,
              "fail": false,
              "pending": false,
              "context": null,
              "code": "// Intercepta listagem de quartos\ncy.intercept('GET', '/api/quartos', {\n  fixture: 'rooms.json'\n}).as('getQuartos');\ncy.visit('/');\ncy.wait('@getQuartos');\ncy.contains('Quarto Luxo').should('be.visible');\n// Seleciona um quarto\ncy.contains('Selecionar').first().click();\n// Preenche dados\ncy.get('input[placeholder=\"Nome\"]').type('Cliente Teste');\ncy.get('input[placeholder=\"Email\"]').type('cliente@teste.com');\ncy.get('input[type=\"date\"]').first().type('2025-11-01');\ncy.get('input[type=\"date\"]').eq(1).type('2025-11-03');\ncy.get('input[placeholder=\"Hóspedes\"]').type('2');\n// Intercepta disponibilidade\ncy.intercept('GET', '/api/disponibilidade*', {\n  statusCode: 200,\n  body: {\n    availableRooms: [{\n      id: 101\n    }, {\n      id: 202\n    }]\n  }\n}).as('getDisp');\n// Checa disponibilidade\ncy.contains('Checar disponibilidade').click();\ncy.wait('@getDisp');\ncy.contains('Quarto selecionado está disponível').should('be.visible');\n// Intercepta criação de reserva\ncy.intercept('POST', '/api/reservas', {\n  statusCode: 200,\n  body: {\n    id: 123,\n    total: 350\n  }\n}).as('postReserva');\n// Intercepta PIX\ncy.intercept('POST', '/api/pagamento/pix', {\n  statusCode: 200,\n  body: {\n    qr_code_base64: 'iVBORw0KGgoAAAAN',\n    qr_code: '000201010212'\n  }\n}).as('postPix');\n// Reserva\ncy.contains('Reservar').click();\ncy.wait('@postReserva');\ncy.contains('Reserva criada! ID 123').should('be.visible');\n// PIX exibido\ncy.contains('Pague com PIX').should('be.visible');\ncy.contains('Copia e Cola:').should('be.visible');",
              "err": {},
              "uuid": "87ea4b84-c209-45b9-86bc-072001c883f9",
              "parentUUID": "8c08aec1-4164-47ff-985f-719f24b30c70",
              "isHook": false,
              "skipped": false
            }
          ],
          "suites": [],
          "passes": [
            "87ea4b84-c209-45b9-86bc-072001c883f9"
          ],
          "failures": [],
          "pending": [],
          "skipped": [],
          "duration": 2818,
          "root": false,
          "rootEmpty": false,
          "_timeout": 2000
        }
      ],
      "passes": [],
      "failures": [],
      "pending": [],
      "skipped": [],
      "duration": 0,
      "root": true,
      "rootEmpty": true,
      "_timeout": 2000
    },
    {
      "uuid": "19c583a7-5976-40de-9c19-e1ada6b96b4f",
      "title": "",
      "fullFile": "cypress\\e2e\\fluxo-reserva-negativo.cy.js",
      "file": "cypress\\e2e\\fluxo-reserva-negativo.cy.js",
      "beforeHooks": [],
      "afterHooks": [],
      "tests": [],
      "suites": [
        {
          "uuid": "362990a8-aea0-40a7-bfff-f89be5e52c96",
          "title": "Fluxo de reserva - cenários negativos",
          "fullFile": "",
          "file": "",
          "beforeHooks": [],
          "afterHooks": [],
          "tests": [
            {
              "title": "Exibe erro quando quarto selecionado não está disponível",
              "fullTitle": "Fluxo de reserva - cenários negativos Exibe erro quando quarto selecionado não está disponível",
              "timedOut": null,
              "duration": 2770,
              "state": "passed",
              "speed": "fast",
              "pass": true,
              "fail": false,
              "pending": false,
              "context": null,
              "code": "// Seleciona primeiro quarto\ncy.get('[data-cy=\"room-card\"]').should('have.length', 2);\ncy.get('[data-cy=\"select-room\"]').first().click();\n// Preenche dados\ncy.get('[data-cy=\"input-name\"]').type('Cliente Teste');\ncy.get('[data-cy=\"input-email\"]').type('cliente@teste.com');\ncy.get('[data-cy=\"input-checkin\"]').type('2024-12-01');\ncy.get('[data-cy=\"input-checkout\"]').type('2024-12-03');\ncy.get('[data-cy=\"input-guests\"]').clear().type('2');\n// Nenhuma disponibilidade\ncy.intercept('GET', '/api/disponibilidade*', {\n  statusCode: 200,\n  body: {\n    availableRooms: []\n  }\n}).as('getDisp');\ncy.get('[data-cy=\"check-availability\"]').click();\ncy.wait('@getDisp');\n// Deve exibir erro e desabilitar reservar\ncy.get('[data-cy=\"status-message\"]').should('contain', 'não está disponível');\ncy.get('[data-cy=\"reserve\"]').should('be.disabled');",
              "err": {},
              "uuid": "7bf599b7-ec78-4c0d-87a1-927d7e7df8d7",
              "parentUUID": "362990a8-aea0-40a7-bfff-f89be5e52c96",
              "isHook": false,
              "skipped": false
            },
            {
              "title": "Exibe erro quando criação da reserva falha",
              "fullTitle": "Fluxo de reserva - cenários negativos Exibe erro quando criação da reserva falha",
              "timedOut": null,
              "duration": 2017,
              "state": "passed",
              "speed": "fast",
              "pass": true,
              "fail": false,
              "pending": false,
              "context": null,
              "code": "// Seleciona primeiro quarto\ncy.get('[data-cy=\"select-room\"]').first().click();\n// Preenche dados\ncy.get('[data-cy=\"input-name\"]').type('Cliente Teste');\ncy.get('[data-cy=\"input-email\"]').type('cliente@teste.com');\ncy.get('[data-cy=\"input-checkin\"]').type('2024-12-01');\ncy.get('[data-cy=\"input-checkout\"]').type('2024-12-03');\ncy.get('[data-cy=\"input-guests\"]').clear().type('2');\n// Disponibilidade positiva para o quarto selecionado\ncy.intercept('GET', '/api/disponibilidade*', {\n  statusCode: 200,\n  body: {\n    availableRooms: [{\n      id: 101\n    }]\n  }\n}).as('getDispOk');\ncy.get('[data-cy=\"check-availability\"]').click();\ncy.wait('@getDispOk');\n// Reserva falha\ncy.intercept('POST', '/api/reservas', {\n  statusCode: 500,\n  body: {\n    error: 'Falha ao criar reserva'\n  }\n}).as('postReservaFail');\ncy.get('[data-cy=\"reserve\"]').click();\ncy.wait('@postReservaFail');\ncy.get('[data-cy=\"status-message\"]').should('contain', 'Falha ao criar reserva');",
              "err": {},
              "uuid": "0ee2828b-b848-470c-a796-4e62ba4f1985",
              "parentUUID": "362990a8-aea0-40a7-bfff-f89be5e52c96",
              "isHook": false,
              "skipped": false
            },
            {
              "title": "Exibe erro quando geração de PIX falha",
              "fullTitle": "Fluxo de reserva - cenários negativos Exibe erro quando geração de PIX falha",
              "timedOut": null,
              "duration": 2118,
              "state": "passed",
              "speed": "fast",
              "pass": true,
              "fail": false,
              "pending": false,
              "context": null,
              "code": "// Seleciona primeiro quarto\ncy.get('[data-cy=\"select-room\"]').first().click();\n// Preenche dados\ncy.get('[data-cy=\"input-name\"]').type('Cliente Teste');\ncy.get('[data-cy=\"input-email\"]').type('cliente@teste.com');\ncy.get('[data-cy=\"input-checkin\"]').type('2024-12-05');\ncy.get('[data-cy=\"input-checkout\"]').type('2024-12-07');\ncy.get('[data-cy=\"input-guests\"]').clear().type('2');\n// Disponibilidade positiva para o quarto selecionado\ncy.intercept('GET', '/api/disponibilidade*', {\n  statusCode: 200,\n  body: {\n    availableRooms: [{\n      id: 101\n    }]\n  }\n}).as('getDispOk2');\ncy.get('[data-cy=\"check-availability\"]').click();\ncy.wait('@getDispOk2');\n// Reserva OK\ncy.intercept('POST', '/api/reservas', {\n  statusCode: 200,\n  body: {\n    id: 999,\n    total: 350\n  }\n}).as('postReservaOk');\n// PIX falha\ncy.intercept('POST', '/api/pagamento/pix', {\n  statusCode: 500,\n  body: {\n    error: 'Falha ao gerar PIX'\n  }\n}).as('postPixFail');\ncy.get('[data-cy=\"reserve\"]').click();\ncy.wait('@postReservaOk');\ncy.wait('@postPixFail');\ncy.get('[data-cy=\"status-message\"]').should('contain', 'Falha ao gerar PIX');",
              "err": {},
              "uuid": "5fd4ba59-94b1-48a4-9485-fec8a074e5c7",
              "parentUUID": "362990a8-aea0-40a7-bfff-f89be5e52c96",
              "isHook": false,
              "skipped": false
            }
          ],
          "suites": [],
          "passes": [
            "7bf599b7-ec78-4c0d-87a1-927d7e7df8d7",
            "0ee2828b-b848-470c-a796-4e62ba4f1985",
            "5fd4ba59-94b1-48a4-9485-fec8a074e5c7"
          ],
          "failures": [],
          "pending": [],
          "skipped": [],
          "duration": 6905,
          "root": false,
          "rootEmpty": false,
          "_timeout": 2000
        }
      ],
      "passes": [],
      "failures": [],
      "pending": [],
      "skipped": [],
      "duration": 0,
      "root": true,
      "rootEmpty": true,
      "_timeout": 2000
    }
  ],
  "meta": {
    "mocha": {
      "version": "7.0.1"
    },
    "mochawesome": {
      "options": {
        "quiet": false,
        "reportFilename": "mochawesome",
        "saveHtml": false,
        "saveJson": true,
        "consoleReporter": "spec",
        "useInlineDiffs": false,
        "code": true
      },
      "version": "7.1.4"
    },
    "marge": {
      "options": {
        "reportDir": "cypress\\reports\\.jsons",
        "charts": true,
        "reportPageTitle": "E2E Report",
        "embeddedScreenshots": true,
        "inlineAssets": true,
        "saveAllAttempts": false,
        "overwrite": false,
        "html": false,
        "json": true
      },
      "version": "6.3.0"
    }
  }
}